Mine_Small_Begin_Plain
skipping
Mine_Small_Normal_PillarSpinner
data
RatBasic
FlyRanged
FlyRanged02
JumperWater
JumperOil
RatNest
LurkerBasic
RatTough
Bobo
SpiderBasic
m_enemies

0
Disturb
0
10
9
Mine_Large_Normal_RockArrowMaze
data
RatBasic
FlyRanged
FlyRanged02
JumperWater
JumperOil
RatNest
LurkerBasic
RatTough
Bobo
SpiderBasic
m_enemies

0
Disturb
0
10
9
Mine_Large_Normal_DynamicHole
data
RatBasic
FlyRanged
FlyRanged02
JumperWater
JumperOil
RatNest
LurkerBasic
RatTough
Bobo
SpiderBasic
m_enemies

0
Disturb
0
10
9
Mine_Small_Normal_DualPillar
data
RatBasic
FlyRanged
FlyRanged02
JumperWater
JumperOil
RatNest
LurkerBasic
RatTough
Bobo
SpiderBasic
m_enemies

0
Disturb
0
10
9
Mine_Small_End_Worm
skipping
Encounter
oh noooo
skipping
Dungeon_Small_Special_Entrance
skipping
Mine_Small_Relic_Locked_Torches
skipping
Mine_Large_Treasure_HealthLever
skipping
Encounter_Shop
skipping
Mine_Large_Secret_BasicItems
skipping
Mine_Small_Secret_Chest
skipping
SandwormEncounter
oh noooo
skipping
Dungeon_Small_Hidden_Kurtz
skipping
