0.5395763
0.8452233
0.9958786
0.2870758
0.420503
0.3535749
0.6690609
0.1830024
0.893867
0.328863
0.2238297
0.1619083
0.3522422
0.7966357
0.2597957
0.3745948
0.4247175
0.8779165
0.9590979
0.5687519
0.663833
0.5714638
0.5612086
0.1940566
0.7247958
0.1624316
0.597327
0.7015344
0.9812213
0.1995256
0.3725001
0.8507587
0.9613023
0.2005565
0.1241602
0.6916486
0.9572141
0.04555357
0.8314928
0.7779621
0.6146232
0.66379
0.5702736
0.3443795
0.073897
0.4490921
0.475771
0.1248435
0.06284344
0.1786358
0.9312273
0.7544042
0.8066642
0.5565381
0.2168722
0.3998746
0.8994389
0.3243481
0.04721344
0.8063467
0.1989681
0.4342673
0.1609656
0.2463365
0.2468941
0.8597074
0.4802192
0.066329
0.9137821
0.0423764
0.5517609
0.6911104
0.3888505
0.4927588
0.5677333
0.1938062
0.713703
0.4079465
0.8662814
0.9015461
0.6031467
0.59205
0.3028381
0.9227322
0.8411596
0.1603247
0.3033036
0.4108952
0.2610055
0.3784661
0.4355955
0.7576692
0.3746462
0.1960334
0.2627852
0.02430844
0.5329891
0.1764698
0.1257716
0.5839698
0.04999053
0.06499553
0.9598393
0.100793
0.6554475
0.7584496
0.9019293
0.3820626
0.2994021
0.3360434
0.2144529
0.2961415
0.9774014
0.03476739
0.2229043
0.7323033
0.1241168
0.8089056
0.1351736
0.6653955
0.7287394
0.5134379
0.1052421
0.8138323
0.486279
0.5128931
0.2943085
0.9600912
0.7200652
0.5431664
0.6958998
0.933814
0.6947924
0.2760476
0.871803
0.3478187
0.7374964
0.725765
0.8658489
0.198346
0.6106905
0.2366226
0.05405653
0.2444398
0.1485798
0.9625738
0.1149309
0.2521743
0.1343977
0.4626162
0.9831185
0.1837726
0.7944515
0.4336917
0.7666999
0.8120695
0.6804662
0.8132117
0.386914
0.8218676
0.1563718
0.5764561
0.3355408
0.5001754
0.6283544
0.3219191
0.2024317
0.4264791
0.6262311
0.4152716
0.08835375
0.7243134
0.9199758
0.06213701
0.1341586
0.9027412
0.9103742
0.5362456
0.8794862
0.430679
0.7682096
0.4151427
0.4325085
0.06741619
0.931482
0.6604009
0.9103595
0.9135517
0.1373383
0.6340628
0.376375
0.2337037
0.7675564
0.8267266
0.03734303
0.3866634
0.7739384
0.154382
0.9955404
0.498307
0.05039048
0.659813
0.2686406
0.4645691
0.6411492
0.1331693
0.5295256
0.09903586
0.3010319
0.3974118
0.7928566
0.2425253
0.5603312
0.524049
0.1590664
0.6177092
0.3257931
0.5945541
0.6757311
0.4647013
0.9351569
0.4679588
0.8967018
0.4764386
0.7731031
0.8217126
0.05263138
0.2433194
0.8746606
0.1080931
0.6446747
0.8692744
0.1399869
0.8717474
0.2332497
0.3776374
0.7120694
0.1055156
0.5942736
0.5599215
0.5408808
0.1436467
0.06632686
0.202046
0.8732308
0.7969372
0.07180834
0.9899269
0.9172895
0.2054042
0.9359987
0.9793407
0.159446
0.8353713
0.7059505
0.5108104
0.4224964
0.6632077
0.482127
0.7297904
0.7815634
0.9283512
0.4787844
0.7231274
0.9846312
0.892418
0.5784687
0.6421444
0.6306646
0.8881106
0.7977499
0.5289212
0.1048568
0.6229529
0.326876
0.5518206
0.009447813
0.9161907
0.8609698
0.9440511
0.4719381
0.891314
0.9484791
0.03189278
0.0607022
0.6893733
0.2050354
0.8172859
0.9623646
0.1418185
0.3997689
0.4498438
0.1331177
0.1012821
0.1419897
0.3228533
0.3126702
0.08096099
0.7759211
0.4078491
0.2352533
0.6816807
0.6084194
0.9366858
0.7325114
0.4714072
0.870153
0.6622502
0.9635454
0.328959
0.2186035
0.05646276
0.2697636
0.9439367
0.5691007
0.7993671
0.6932008
0.8745452
0.6200697
0.02087402
0.9842542
0.07544029
0.07284486
0.2383889
0.9769127
0.9661926
0.1332765
0.3505758
0.6810341
0.8293307
0.03422487
0.01583457
0.7624389
0.3591262
0.6011831
0.892543
0.8447924
0.539813
0.5752677
0.8577514
0.02963471
0.7699786
0.7650913
0.006964445
0.7687042
0.3023126
0.2728462
0.5001885
0.8398452
0.5624909
0.3153638
0.2953706
0.006069541
0.09501326
0.3278371
0.08082616
0.3173587
0.3385425
0.4976248
0.17607
0.2807069
0.2255573
0.2712988
0.5106713
0.7677617
0.3824689
0.06859338
0.6312176
0.2457521
0.4135091
0.3430387
0.4398195
0.9997622
0.4504931
0.1963726
0.09871125
0.4748911
0.8404341
0.1080693
0.2378787
0.8572661
0.0001249313
0.7554401
0.4592143
0.5816135
0.6328864
0.6990089
0.2850635
0.5651234
0.7412363
0.274116
0.2347118
0.6439422
0.5069741
0.2070811
0.01599312
0.2767439
0.1222382
0.5872585
0.752175
0.9155586
0.3449101
0.3816605
0.9170138
0.8169123
0.2971991
0.969979
0.05167544
0.8737115
0.4934385
0.5866201
0.3949666
0.3222977
0.3708938
0.5307997
0.6219056
0.2973037
0.5404667
0.9578853
0.4395039
0.4021442
0.541549
0.3172793
0.2046596
0.7585905
0.7367077
0.5466387
0.06311822
0.4829496
0.1617924
0.1083333
0.1559944
0.2655007
0.5238094
0.3699801
0.5906514
0.8351711
0.70515
0.6787956
0.7319143
0.5564467
0.7448233
0.6661173
0.887854
0.840838
0.03218615
0.6461918
0.4373797
0.2938073
0.6800516
0.1961459
0.923187
0.7351713
0.1867253
0.5835407
0.4125559
0.8907925
0.181609
0.7841896
0.4641032
0.02223015
0.8537948
0.3467118
0.8433352
0.5542359
0.9783814
0.816972
0.7215104
0.7138559
0.8991528
0.2044274
0.834901
0.5249377
0.6245703
0.1946907
0.7725683
0.0651989
0.5824504
0.3529974
0.5079008
0.8558271
0.447982
0.004303336
0.5738562
0.7947373
0.3643059
0.3589047
0.9913645
0.1704179
0.8116841
0.8706169
0.4649495
0.4241977
0.2565672
0.8970925
0.5754349
0.8769848
0.8246756
0.3342657
0.4047173
0.04484117
0.2186778
0.5939893
0.02957952
0.02660608
0.8160975
0.09576988
0.4956851
0.1411055
0.005130172
0.9958503
0.6665876
0.5291415
0.4503905
0.2561861
0.1735828
0.4511857
0.7715589
0.338667
0.995981
0.9742045
0.4807817
0.2318798
0.2202955
0.6095887
0.2808821
0.09621882
0.6782933
0.7002025
0.8900143
0.629112
0.4495587
0.6100299
0.1966336
0.282361
0.9523957
0.3923508
0.242834
0.5541521
0.8983388
0.9480052
0.4174221
0.8408175
0.4480062
0.8076093
0.7446233
0.3320606
0.7542713
0.7314723
0.803103
0.2370726
0.1669807
0.4150513
0.06887412
0.9956168
0.6352358
0.6880295
0.4782856
0.4777449
0.7228575
0.3752841
0.3941689
0.4518375
0.1830769
0.886964
0.1396494
0.3179824
0.7043365
0.7290397
0.08499217
0.2333499
0.6341354
0.2799724
0.9690357
0.6593843
0.668512
0.9761816
0.642511
0.3593843
0.8572755
0.7932811
0.7496625
0.07175601
0.5197973
0.2559162
0.7131571
0.8115603
0.1028636
0.08314657
0.7702168
0.6304686
0.8732919
0.39963
0.309667
0.7996367
0.7297262
0.6831974
0.07052422
0.7263862
0.1725284
0.2657659
0.9074157
0.6957694
0.4525486
0.4499236
0.2794206
0.2128732
0.05062652
0.6146432
0.07062423
0.9745083
0.2415869
0.07367671
0.1640067
0.8772575
0.6309855
0.9076204
0.7879251
0.9294302
0.8927156
0.8687534
0.2707931
0.3130704
0.8634758
0.8656164
0.7756051
0.3632263
0.3102375
0.1118506
0.9925495
0.1487286
0.4048082
0.88691
0.4205395
0.7211324
0.8801644
0.9825989
0.7572339
0.4923775
0.09258711
0.8806661
0.3791269
0.9594114
0.6363008
0.875286
0.3470426
0.9593917
0.5667132
0.1657809
0.4263939
0.004383564
0.7314336
0.5389093
0.6395115
0.4453958
0.256037
0.1160469
0.1581399
0.9721816
0.5056363
0.7831049
0.2544134
0.8008441
0.110768
0.4557048
0.3906623
0.7610451
0.1215582
0.07069075
0.5389494
0.2724516
0.799922
0.1420553
0.3993087
0.1414831
0.0261476
0.3974692
0.4869242
0.7606874
0.8331648
0.6001773
0.5507494
0.3401141
0.03372884
0.1650804
0.1276118
0.71696
0.7722243
0.09014702
0.7363703
0.469787
0.9006274
0.7817817
0.2896874
0.02288449
0.6207997
0.5774367
0.4582458
0.07218599
0.5529722
0.3414294
0.3745766
0.1220554
0.9439236
0.5622219
0.625983
0.5931154
0.9782794
0.266111
0.5879579
0.6804237
0.1017426
0.7786092
0.941951
0.5236726
0.9484214
0.1221329
0.4966044
0.927864
0.722316
0.6847414
0.4880755
0.5345973
0.4505155
0.1173687
0.3361875
0.3461486
0.01469433
0.2369152
0.4622085
0.4408687
0.5354213
0.8762422
0.6356788
0.09621763
0.108023
0.3626784
0.706531
0.7874949
0.5954808
0.3986926
0.5956993
0.6676958
0.4612069
0.808933
0.6999536
0.8436428
0.7323176
0.7530537
0.05302703
0.4831134
0.6127326
0.3185599
0.1134536
0.00850594
0.870702
0.376653
0.1105831
0.7210056
0.8712215
0.1441374
0.3894637
0.5490366
0.4305918
0.1338718
0.617377
0.5595452
0.6308783
0.03732562
0.9654576
0.9435557
0.8112504
0.7624867
0.9627776
0.6773456
0.7333103
0.3213079
0.9405043
0.9271023
0.1107737
0.1664885
0.08446622
0.7973386
0.620276
0.01799226
0.7081354
0.6190176
0.2626389
0.07941544
0.7424992
0.5579653
0.7687633
0.6819184
0.3988554
0.1108377
0.2987316
0.008940697
0.3705595
0.8029615
0.2703738
0.002738357
0.7039762
0.9109395
0.7461636
0.6673245
0.5295553
0.8649361
0.4542568
0.3858078
0.2374543
0.1354653
0.8618227
0.8808199
0.2509845
0.5487851
0.9743429
0.7939529
0.4222765
0.04151249
0.5273656
0.8778811
0.1826088
0.4012555
0.7564207
0.4755082
0.07134402
0.03486371
0.2687395
0.2490017
0.0205009
0.1954271
0.5160826
0.827763
0.3417788
0.7674651
0.05491602
0.008248925
0.4034976
0.6553228
0.9469694
0.7672713
0.7543498
0.5178355
0.412922
0.9112121
0.812044
0.0791477
0.1102996
0.04360044
0.2197175
0.8599722
0.2660089
0.04379845
0.7021163
0.8917083
0.4833658
0.6489173
0.1322999
0.1657413
0.5215967
0.4192353
0.9299189
0.4118836
0.3072596
0.8790632
0.3436747
0.441283
0.1047444
0.9108932
0.6944261
0.3423854
0.8152858
0.4870681
0.2057828
0.6045629
0.07666886
0.6279833
0.2213579
0.893681
0.2184181
0.6197518
0.9809953
0.8406166
0.3928628
0.1968057
0.4520299
0.4596143
0.541308
0.5237818
0.6435863
0.4930468
0.4954967
0.04417169
0.4944198
0.1897655
0.4327691
0.117354
0.5633183
0.8867042
0.2173802
0.006265283
0.3191371
0.3168057
0.07526195
0.3041536
0.9238025
0.08325005
0.04345524
0.9932686
0.8576282
0.2293174
0.5947676
0.9848018
0.9468249
0.3366214
0.6264856
0.4676032
0.6337826
0.7056766
0.9403801
0.5164261
0.9254899
0.7699142
0.7254683
0.9518219
0.3848716
0.6190553
0.609368
0.4691738
0.9815856
0.461266
0.5114491
0.9258186
0.3528014
0.182721
0.2669235
0.5865364
0.8361617
0.3370584
0.9222808
0.6587114
0.4436337
0.5477276
0.8199959
0.8568492
0.2456461
0.1084335
0.05328667
0.3945848
0.09624887
0.4730772
0.07124352
0.03225327
0.8393357
0.8074005
0.5874096
0.5122868
0.6229297
0.6247257
0.1865923
0.09986448
0.02046883
0.9311018
0.27202
0.3414791
0.5751635
0.925701
0.2296505
0.6518677
0.2570277
0.4182456
0.1591349
0.8140318
0.05907261
0.2887381
0.008269548
0.8967515
0.01689339
0.5177826
0.1404667
0.1610785
0.8041947
0.7614694
0.8619758
0.6984872
0.4747312
0.6467382
0.1647766
0.8104177
0.99719
0.1717671
0.9952966
0.971679
0.7296067
0.5172935
0.8359739
0.3952754
0.7792572
0.1641667
0.5543453
0.1296101
0.453414
0.4715897
0.9573123
0.7517916
0.5901128
0.9992818
0.4765606
0.2366744
0.02611947
0.8464606
0.1600751
0.821439
0.1622955
0.6612999
0.4566234
0.4357322
0.9876209
0.04625583
0.5631466
0.02671731
0.5296341
0.3694993
0.9353898
0.01378095
0.7298698
0.4668372
0.8986735
0.2065777
0.8920213
0.436339
0.2693502
0.6689951
0.4454676
0.8290974
0.5398266
0.2108641
0.2015467
0.3491299
0.2924522
0.3691171
0.2762741
0.8796599
0.2038332
0.6647173
0.2203964
0.5554641
0.8205905
0.9636099
0.757606
0.9004282
0.3759762
0.8361133
0.3416753
0.4603057
0.8030694
0.911431
0.03513813
0.4888599
0.305789
0.8835241
0.7447072
0.3346847
0.1616558
0.4640791
0.4367737
0.2274417
0.9768664
0.1752266
0.2839786
0.9666864
0.1265222
0.1057463
0.6444752
0.2606714
0.6321191
0.9021903
0.9527845
0.8599638
0.5988082
0.333312
0.5844793
0.7918355
0.8875452
0.1296347
0.7801573
0.6236173
0.3226477
0.5464195
0.3025792
0.7672021
0.5781298
0.535727
0.1017784
0.8760452
0.2319599
0.7289563
0.1038772
0.7619628
0.4871198
0.5169573
0.3001479
0.6937441
0.5972017
0.05532432
0.4575332
0.8524001
0.01782632
0.05537784
0.4304451
0.7474118
0.1500732
0.2504002
0.7019163
0.5969356
0.09123051
0.2776164
0.2496978
0.06767511
0.4296696
0.3555894
0.4381498
0.7873552
0.2322099
0.4979707
0.3424677
0.9320914
0.2952448
0.8878417
0.6803466
0.8197907
0.4093657
0.831411
0.1197027
0.6208336
0.7285886
0.04649854
0.5140824
0.4032354
0.9697989
0.6174943
0.4358851
0.341802
0.9883416
0.8273726
0.2068453
0.08136618
0.639544
0.2122698
0.6818544
0.3734649
0.6099681
0.1460898
0.2274669
0.6892277
0.6280638
0.9439987
0.430071
0.4598027
0.562434
0.8893945
0.08265662
0.3880373
0.3184968
0.09480739
0.496079
0.5236757
0.2560539
0.1978081
0.9591379
0.6275526
0.7890913
0.438357
0.2207322
0.2842867
0.4925207
0.4722424
0.3131764
0.3384844
0.7050824
0.34446
0.5061631
0.2821358
0.4547024
0.01658762
0.3784665
0.4016087
0.8702762
0.04606533
0.03062236
0.7679676
0.6430341
0.580892
0.363052
0.9264681
0.9487438
0.4593953
0.1732054
0.1165968
0.9643055
0.786734
0.5508596
0.7007045
0.0599587
0.2018808
0.6648691
0.2107205
0.6011438
0.6010659
0.1412771
0.9618386
0.1716923
0.4138786
0.4041497
0.812057
0.3004873
0.5130891
0.3947434
0.304055
0.523142
0.4274155
0.7587225
0.1619751
0.4816089
0.1169968
0.5577818
0.8540236
0.07448888
0.07146943
0.3718499
0.4847825
0.7265842
0.1471198
0.85495
0.7106496
0.6680571
0.2613795
0.2465839
0.04379523
0.2492124
0.3015991
0.7078936
0.5075536
0.2674208
0.8299704
0.8250468
0.4542392
0.4622697
0.4980928
0.2847962
0.277277
0.2612387
0.7196884
0.7603209
0.4211438
0.9651558
0.2010024
0.8985929
0.2521509
0.395874
0.2012106
0.8500576
0.8591162
0.0204941
0.1754217
0.1104177
0.5409445
0.8063436
0.3451189
0.09763026
0.6993301
0.4833419
0.7722415
0.4992956
0.01222682
0.2866942
0.03795731
0.4511124
0.8876654
0.5834497
0.2180828
0.936816
0.6748008
0.1459073
0.2868522
0.2995821
0.1537127
0.3724052
0.4784216
0.9584794
0.1875803
0.6376513
0.2817603
0.1414694
0.3322628
0.5600942
0.3575588
0.3627313
0.04493713
0.6864046
0.7301859
0.5721022
0.9841677
0.9022951
0.8987746
0.8753641
0.5655285
0.07670105
0.06656337
0.08401215
0.4501559
0.1610211
0.4650172
0.05897474
0.01893473
0.9633121
0.1622384
0.6899794
0.9366618
0.8334082
0.6454059
0.5119228
0.757344
0.9004313
0.1891896
0.8226033
0.8823298
0.9409571
0.3477552
0.7920153
0.7302148
0.6539234
0.5897533
0.3936623
0.5086151
0.1660156
0.5339683
0.5804985
0.884082
0.9369102
0.1407257
0.1237122
0.9414591
0.03951561
0.2881248
0.9640092
0.003361821
0.9911114
0.9620683
0.1002439
0.0162859
0.2398579
0.6151286
0.8843987
0.5181465
0.4978895
0.8194379
0.1476445
0.6789907
0.4800487
0.07921219
0.3224843
0.03350568
0.5347112
0.5028778
0.6972867
0.5086272
0.3812968
0.1117972
0.2446234
0.6859303
0.9486773
0.1935732
0.3193649
0.6410183
0.07333875
0.7501227
0.675613
0.7881254
0.9397067
0.4233375
0.1846406
0.6121596
0.3337994
0.5013653
0.6170847
0.3221836
0.5544761
0.234428
0.4160339
0.4626473
0.1013356
0.2190622
0.9075818
0.814069
0.5040525
0.8254472
0.4693975
0.4069058
0.09424961
0.6567223
0.7760339
0.7947179
0.8526551
0.9286649
0.1360788
0.4764231
0.1117469
0.2612458
0.6489748
0.7578673
0.03103888
0.9114441
0.6335704
0.01262379
0.7742869
0.05584371
0.05113816
0.5603406
0.8330394
0.3950392
0.018381
0.5281388
0.172338
0.3088388
0.2227314
0.2926654
0.9645573
0.3076085
0.2530327
0.6882327
0.4630164
0.1836451
0.8427666
0.2095114
0.7428131
0.08250356
0.9188399
0.8665088
0.8675464
0.05637217
0.22936
0.7981607
0.9502926
0.3868603
0.7458444
0.554442
0.7042259
0.0435617
0.9234433
0.9922343
0.8705239
0.3522905
0.1520126
0.08084261
0.09845519
0.6561837
0.04348421
0.07019055
0.3695656
0.7432873
0.6178775
0.1335727
0.2532189
0.7531861
0.4372737
0.08954263
0.8799351
0.9698988
0.3753906
0.4630685
0.4512475
0.7188222
0.7552153
0.9130098
0.4092574
0.084108
0.5226214
0.06017339
0.1680033
0.06645894
0.8207039
0.1103359
0.6219773
0.5648667
0.503515
0.9132239
0.6014814
0.5343001
0.9307649
0.3142321
0.6339599
0.476571
0.1847355
0.5776454
0.155454
0.7271658
0.02213407
0.8180485
0.01623201
0.1364287
0.9125007
0.1064764
0.343936
0.98693
0.9659953
0.228375
0.6518421
0.05871022
0.7383615
0.5028284
0.1798286
0.7969075
0.01789248
0.2992024
0.6866869
0.2037663
0.7843267
0.3738592
0.1498187
0.3492994
0.4850436
0.5605563
0.2070462
0.6091013
0.5952699
0.6695772
0.7370073
0.6798494
0.9338667
0.9215753
0.3029809
0.6434309
0.1052829
0.5599452
0.07192874
0.01516783
0.625052
0.490756
0.06161547
0.7048742
0.6193013
0.1014189
0.4428771
0.4493139
0.3638839
0.7683316
0.5653176
0.7695836
0.153445
0.07243896
0.7266386
0.138494
0.5744613
0.8442934
0.9978874
0.2830837
0.7771758
0.2334071
0.818662
0.4335939
0.1276833
0.9370123
0.7336822
0.0534786
0.8421493
0.2187258
0.6790304
0.9755628
0.1161553
0.3705698
0.7171754
0.1403115
0.9118071
0.9467924
0.5121902
0.7740794
0.07541847
0.7932155
0.0982188
0.2390572
0.1175349
0.9962296
0.3640622
0.9705917
0.0152154
0.2938951
0.9469614
0.5918235
0.4189116
0.6463453
0.8795984
0.8446445
0.8119148
0.3616467
0.6400704
0.7023213
0.5010461
0.317034
0.5421683
0.3529443
0.4145343
0.2779766
0.8687181
0.6368694
0.8593419
0.4302286
0.6798067
0.4061524
0.3346887
0.1917644
0.5478185
0.3809687
0.5873615
0.981111
0.7327136
0.9142872
0.9513592
0.6951058
0.3650084
0.5319104
0.9822481
0.7540694
0.6528699
0.1508822
0.3216878
0.1499089
0.9379667
0.9154936
0.8504512
0.05259717
0.1624584
0.8855069
0.3835621
0.382465
0.3124686
0.05715799
0.1497425
0.3918871
0.4361035
0.9078717
0.3788304
0.908549
0.1591648
0.6525799
0.4220318
0.475004
0.4239485
0.2367719
0.6443154
0.3169477
0.1787626
0.8566209
0.7122431
0.342791
0.008007169
0.4446416
0.6914339
0.5739676
0.2796814
0.2998799
0.9564452
0.4982188
0.5593731
0.1056547
0.1057568
0.2212578
0.8211734
0.04214239
0.1109061
0.5240821
0.743459
0.7155075
0.9167171
0.0559603
0.9402174
0.7748907
0.06887233
0.7506653
0.7860897
0.9556315
0.0236963
0.7400501
0.606174
0.6459441
0.7109511
0.9770237
0.2899172
0.2965788
0.7006361
0.9983168
0.9067955
0.08208704
0.1216202
0.07133961
0.7328357
0.8392131
0.7185937
0.7547884
0.8001736
0.8092135
0.8354057
0.0679096
0.8367805
0.9127816
0.7070764
0.2427675
0.1777327
0.5777528
0.5141022
0.9090844
0.7310342
0.3419921
0.2767942
0.1809659
0.9315791
0.6660472
0.7423507
0.5339742
0.4221768
0.3190049
0.08535779
0.5786273
0.0455085
0.06136584
0.2522
0.790415
0.4777666
0.4616779
0.9176848
0.9631015
0.8810295
0.7658621
0.1618602
0.1749792
0.6669017
0.8370438
0.2504715
0.2698883
0.2558086
0.5613171
0.08331823
0.6165679
0.07170224
0.05939627
0.2584039
0.6756846
0.976555
0.1548597
0.7106419
0.5515555
0.9053636
0.05568242
0.2634414
0.3528929
0.6607058
0.1908542
0.6180081
0.8633829
0.334839
0.9186705
0.5871916
0.5468259
0.6833479
0.1262585
0.5805286
0.3256947
0.6885917
0.3175232
0.4366668
0.914348
0.6235157
0.1463584
0.06602299
0.5091139
0.3174284
0.03018188
0.3177298
0.4386053
0.1200989
0.6084685
0.9080923
0.306826
0.4236972
0.3785406
0.9665482
0.756251
0.8222538
0.8827171
0.4980576
0.7831312
0.0154736
0.2625424
0.6893206
0.1807737
0.6747267
0.09590864
0.3452975
0.4752407
0.07205188
0.5325319
0.3719403
0.9403864
0.6264552
0.3829862
0.4499187
0.4956452
0.3937918
0.893996
0.2413794
0.912799
0.8672395
0.2912683
0.7048413
0.6987352
0.3842102
0.5414181
0.9612749
0.7454357
0.41327
0.2194703
0.8461632
0.8492137
0.09456432
0.09358072
0.8211343
0.7541726
0.2910628
0.9512402
0.2697653
0.6516097
0.2263331
0.8921357
0.659024
0.7094078
0.9807975
0.08844495
0.08367896
0.3384944
0.6781684
0.287117
0.7869766
0.3672639
0.5994742
0.6786406
0.4216533
0.9318039
0.5619397
0.3988049
0.6209105
0.8959329
0.2332039
0.7801967
0.4862721
0.8742815
0.6093419
0.8303844
0.3119842
0.5905513
0.6533016
0.6967541
0.6980361
0.6807207
0.7594047
0.4553889
0.1098229
0.9969732
0.4501909
0.9072742
0.3451898
0.3922714
0.531332
0.5535355
0.08443069
0.9517651
0.5468812
0.6309544
0.6635611
0.4676573
0.7629576
0.006201625
0.7151331
0.05141628
0.8345366
0.6922042
0.08118534
0.05712068
0.9664667
0.1022019
0.1212521
0.2173083
0.5493776
0.3225272
0.9099075
0.7361391
0.7202266
0.6883024
0.8280479
0.8059645
0.7724705
0.9540341
0.2396681
0.452834
0.2806593
0.1884931
0.01539898
0.650912
0.8112094
0.937804
0.2264595
0.3387007
0.7178957
0.3436371
0.1520993
0.9705974
0.3176166
0.07798338
0.5684819
0.6853458
0.6157947
0.8987724
0.1370616
0.968593
0.1720604
0.03090537
0.7872723
0.5272771
0.3902425
0.7306226
0.6231548
0.0704931
0.06712592
0.9963757
0.7565659
0.6797862
0.6681257
0.8738129
0.09391308
0.6847283
0.2259433
0.6468617
0.4471129
0.5197023
0.8365058
0.3361242
0.3186932
0.9715438
0.2200583
0.8222963
0.03465211
0.3163244
0.8914962
0.5566081
0.1818459
0.1788412
0.007922649
0.605736
0.4940946
0.1703616
0.318216
0.2160443
0.3334256
0.9441721
0.9217005
0.08724678
0.7997156
0.5486538
0.9581975
0.1570535
0.8277925
5.805492E-05
0.571345
0.5842294
0.6453103
0.4285138
0.637086
0.2585829
0.7365289
0.09549558
0.1232073
0.3135064
0.1692777
0.4756728
0.6880896
0.5455773
0.113356
0.08632803
0.002155662
0.9662877
0.2502491
0.06644881
0.8426194
0.9288945
0.1315421
0.1710591
0.7786521
0.2083213
0.3769666
0.3260587
0.5251582
0.2730442
0.8009099
0.4031299
0.3056679
0.3638333
0.1136513
0.2722774
0.7874869
0.53295
0.6472256
0.9189429
0.8190458
0.1423705
0.6189243
0.9442549
0.8644741
0.3460435
0.1933038
0.4119681
0.2726971
0.1998396
0.2944224
0.5114073
0.3081889
0.8756498
0.878636
0.8284779
0.786483
0.668306
0.3444619
0.09882939
0.8509686
0.7233698
0.08752835
0.8027313
0.7620548
0.4368519
0.6287769
0.4605442
0.5505797
0.7559222
0.6918662
0.8413186
0.6789558
0.7836988
0.8981044
0.2934765
0.6822917
0.008040547
0.8367289
0.9845648
0.5361303
0.4449396
0.4553211
0.6155879
0.7311225
0.922604
0.6046029
0.9852235
0.2157553
0.1283225
0.8073924
0.7038691
0.1006398
0.5351189
0.5595496
0.06645095
0.5725083
0.5258456
0.9450175
0.6540011
0.5012339
0.9455904
0.7895262
0.2522192
0.9875207
0.6733453
0.7941704
0.2640156
0.8305579
0.8421706
0.6302416
0.5947748
0.8535053
0.0701592
0.6629268
0.5438488
0.4603931
0.563084
0.6605868
0.3954872
0.3199717
0.1451095
0.3069396
0.08709157
0.7771206
0.4439785
0.3753737
0.8989525
0.1862389
0.5998604
0.9420811
0.1593732
0.5858747
0.2724875
0.5918592
0.4007046
0.5000497
0.1742278
0.6734453
0.4278741
0.4222621
0.5386372
0.2280382
0.232926
0.1802912
0.009122729
0.0506109
0.1454784
0.201667
0.4897921
0.4413205
0.3379306
0.1469724
0.591994
0.1637383
0.7156945
0.4204998
0.8576447
0.03962493
0.5278403
0.6478848
0.6762224
0.01890469
0.930536
0.5543251
0.2493038
0.7468938
0.8772714
0.1468385
0.9171845
0.6269075
0.2511621
0.3457037
0.2898781
0.6133463
0.5163383
0.6504915
0.2109007
0.8721834
0.5378518
0.8143911
0.1661631
0.9271297
0.8184043
0.9158642
0.3044155
0.7486311
0.4471327
0.7846556
0.911943
0.2151724
0.7887524
0.9792854
0.6579772
0.5028433
0.4002447
0.8947843
0.6713961
0.3897355
0.4132144
0.1503396
0.7424705
0.110105
0.3306587
0.6542797
0.2852702
0.07256436
0.4069773
0.532168
0.9868554
0.5672145
0.6769052
0.3647201
0.5567238
0.04787576
0.572638
0.3563017
0.2403191
0.3642528
0.893326
0.7832385
0.9239
0.1152269
0.02168071
0.03279042
0.0151906
0.9938916
0.2019138
0.04466271
0.6128747
0.4047594
0.4084488
0.4519523
0.5945154
0.9511795
0.1408528
0.2545002
0.7748674
0.1139441
0.8779666
0.6201692
0.03695452
0.02195847
0.9917091
0.542134
0.8705189
0.9849741
0.07610595
0.5586587
0.5480922
0.5491165
0.9124022
0.3173168
0.6358185
0.4728914
0.2901487
0.3308694
0.8234444
0.7641711
0.4766657
0.1238509
0.2143406
0.9744531
0.7268376
0.5493237
0.08198118
0.3822254
0.4909979
0.9896257
0.5883992
0.1699668
0.009897947
0.9499525
0.4044455
0.6704497
0.5633291
0.8698959
0.4026231
0.8508025
0.3556384
0.8788704
0.6309044
0.2906889
0.7393489
0.4523481
0.7198706
0.7810414
0.4720172
0.9722686
0.6947296
0.7653242
0.976408
0.3636388
0.7224747
0.2070241
0.4235749
0.7894973
0.1532391
0.3414468
0.2007263
0.1108028
0.4500786
0.7966428
0.1086071
0.4060804
0.7367083
0.9823807
0.9482399
0.1310682
0.9689121
0.4954594
0.8340966
0.7099708
0.3565199
0.4605145
0.5172689
0.0209887
0.4973937
0.7249147
0.3897545
0.6298933
0.6072485
0.7844735
0.030563
0.09263587
0.6285837
0.6776825
0.5029662
0.6686904
0.8983362
0.1484604
0.9354963
0.694906
0.8741014
0.1286728
0.9302107
0.7915053
0.6966842
0.7093223
0.3440903
0.1003464
0.6561508
0.984835
0.2084397
0.0422051
0.9541317
0.9220935
0.2777654
0.02763009
0.7201819
0.7082646
0.5976408
0.6067547
0.8770148
0.0169909
0.3986218
0.8635943
0.4222099
0.1474545
0.7392381
0.00114882
0.9967943
0.8429589
0.2043927
0.9184334
0.222403
0.4839034
0.5847872
0.6877503
0.0741123
0.4246005
0.3793749
0.4971044
0.492853
0.6345516
0.2624271
0.5270028
0.8703488
0.3103335
0.735029
0.1893058
0.4202938
0.4691911
0.02753437
0.2035328
0.05564201
0.323663
0.6234559
0.9711095
0.7771808
0.6563081
0.7675674
0.4522041
0.7021792
0.2494259
0.4912301
0.281885
0.1111904
0.364259
0.9172872
0.8584296
0.06940043
0.5366014
0.2541828
0.5557138
0.5441767
0.7639766
0.8646469
0.9709337
0.6538925
0.1463649
0.8250903
0.1714377
0.5438179
0.5423105
0.1318982
0.1240802
0.04111123
0.9318691
0.8115673
0.07345676
0.4854468
0.3544575
0.08856225
0.8421825
0.09588921
0.6495926
0.1779398
0.4042059
0.6917433
0.1019669
0.6839515
0.9204533
0.01739132
0.1740175
0.5196576
0.07800269
0.4492688
0.4048234
0.04377317
0.8184052
0.1974429
0.2088832
0.1254629
0.9394346
0.08404481
0.1686478
0.160406
0.3911564
0.5054969
0.07869029
0.6473824
0.9354903
0.8157743
0.3769773
0.03381252
0.4442463
0.3824844
0.4640477
0.378553
0.3623918
0.008768559
0.5095847
0.6106987
0.65688
0.5295902
0.8390644
0.279641
0.973085
0.1185805
0.6807114
0.4280326
0.92342
0.4476627
0.1192144
0.103616
0.7425995
0.8256991
0.6177748
0.06658268
0.5679811
0.03833354
0.9972167
0.2173029
0.9941512
0.5633948
0.1720955
0.8747365
0.7507886
0.9463826
0.2053709
0.3325244
0.8469387
0.1848317
0.09712303
0.07464051
0.681374
0.3852428
0.871487
0.3705785
0.761735
0.06796229
0.9180801
0.9319019
0.1520039
0.7590407
0.9406661
0.9498955
0.7393658
0.1269025
0.004544735
0.2747788
0.2587318
0.2072203
0.4317207
0.4351501
0.5855826
0.5763458
0.3060499
0.4970826
0.2984459
0.02887499
0.4639934
0.1147263
0.05465806
0.5952021
0.3982713
0.04682207
0.6181754
0.5392569
0.0892396
0.3698413
0.6419545
0.9906307
0.1718234
0.9884102
0.696382
0.660704
0.996992
0.531804
0.9187247
0.3084941
0.363108
0.7412446
0.4092709
0.3845024
0.7469072
0.4603442
0.3106244
0.9882622
0.505547
0.3912163
0.9544588
0.2052953
0.6535133
0.7818226
0.806025
0.05639172
0.5964806
0.4298443
0.4580978
0.9179635
0.9173851
0.4947144
0.2456853
0.1338078
0.01051807
0.3734632
0.3731294
0.5515324
0.9945314
0.4059066
0.09944439
0.4794422
0.2850305
0.7036916
0.1737443
0.8855895
0.8425663
0.7191058
0.346542
0.2048644
0.1477532
0.9860197
0.8316072
0.9345216
0.08248913
0.9004248
0.7516612
0.3593189
0.7273065
0.5290688
0.05304968
0.8377992
0.5129571
0.7759566
0.3744349
0.8345211
0.5766008
0.3329296
0.061046
0.8070909
0.8027599
0.1367815
0.2590046
0.05805492
0.7887808
0.8329294
0.5994409
0.03124535
0.909999
0.3446022
0.7832141
0.1139759
0.2658753
0.5397915
0.2718763
0.7096956
0.1531124
0.8700045
0.1407756
0.5880224
0.563205
0.9747864
0.2763925
0.6549194
0.9487829
0.8635116
0.2027431
0.312386
0.1458473
0.9610615
0.3366803
0.01582849
0.6131836
0.7869045
0.3634306
0.2411337
0.6709317
0.4971428
0.004499793
0.5505837
0.1448164
0.2583712
0.829716
0.4102685
0.1763935
0.7203426
0.8075547
0.2465644
0.142565
0.9410261
0.5942976
0.02375972
0.131781
0.5989847
0.3194839
0.09106493
0.978273
0.2643673
0.8044434
0.08003509
0.4043634
0.0923475
0.8913721
0.1450027
0.7891619
0.5323753
0.7379222
0.04828787
0.2641625
0.3207639
0.5342129
0.6356575
0.9225553
0.0206641
0.2211657
0.4921688
0.7208223
0.7448452
0.4348851
0.8768976
0.02271485
0.7888196
0.5839841
0.4919889
0.3497956
0.8386121
0.03651226
0.9715039
0.3655895
0.8234913
0.4583465
0.8213644
0.4861767
0.2355564
0.7400956
0.7869582
0.7355528
0.2622311
0.6728296
0.06955481
0.06960225
0.8481779
0.6085445
0.783844
0.7120634
0.355823
0.6427161
0.7482661
0.8375578
0.9156543
0.04861128
0.5671082
0.5987066
0.5039456
0.5371356
0.3491089
0.1030864
0.00190568
0.7714964
0.5778643
0.5184227
0.1797125
0.8050277
0.2985336
0.7391636
0.2814763
0.7506669
0.4138043
0.8711644
0.3576291
0.7879266
0.09723079
0.3129482
0.2896461
0.6147907
0.3661722
0.9148918
0.3882571
0.0663892
0.6295166
0.3109699
0.02760899
0.5312822
0.5390083
0.2233715
0.8737286
0.2415183
0.7612156
0.7407271
0.4111235
0.9502529
0.6401805
0.7366422
0.2664206
0.08902371
0.9481679
0.8788254
0.6292652
0.4087172
0.7352294
0.9309258
0.246611
0.3416563
0.4851224
0.7245803
0.4260713
0.1558371
0.483559
0.1139612
0.5075514
0.08085907
0.9064626
0.3551216
0.9139642
0.1224353
0.8291405
0.8310193
0.2415447
0.6225458
0.2863795
0.4388908
0.3911685
0.5718687
0.4240826
0.2271888
0.5953355
0.8608503
0.05336034
0.0530622
0.06342888
0.6644821
0.2327435
0.232161
0.2371998
0.03843176
0.5057828
0.4612002
0.9624631
0.8414493
0.2603484
0.4983485
0.1405469
0.617075
0.6393471
0.143651
0.882521
0.345186
0.7777905
0.8258088
0.3099273
0.814082
0.430039
0.8105323
0.9481338
0.1003283
0.6565412
0.7508951
0.5500146
0.793323
0.2144378
0.9433988
0.8696258
0.4692672
0.5723939
0.4067383
0.8857925
0.8708034
0.9021788
0.6743218
0.5464278
0.2752304
0.3291584
0.8421979
0.5051997
0.7336472
0.9342531
0.7728006
0.7017057
0.8748592
0.5302218
0.3992825
0.7147408
0.6135278
0.5700742
0.7235365
0.7597835
0.7692963
0.7704552
0.06954098
0.6281631
0.6973927
0.8634135
0.9301103
0.5562049
0.01759768
0.8338115
0.4987938
0.7967746
0.7817045
0.446594
0.5572646
0.03128517
0.7276953
0.8521276
0.4859149
0.7334204
0.5362175
0.1835822
0.4864461
0.1457624
0.1559302
0.2377846
0.1599058
0.9785678
0.2674134
0.3316634
0.1391044
0.002601624
0.09616554
0.8281364
0.1708305
0.6069975
0.6278903
0.3765968
0.2749251
0.3085945
0.7250921
0.2060041
0.2174808
0.7832209
0.2050579
0.611583
0.8938271
0.2725931
0.7312413
0.6371042
0.1340481
0.6326882
0.7732561
0.1511607
0.9082079
0.01371205
0.9764268
0.2584127
0.7416315
0.07146454
0.6493944
0.9831038
0.3303138
0.06851792
0.1175327
0.08468699
0.09580922
0.3528255
0.8162177
0.364266
0.8180621
0.6628993
0.1412766
0.2240617
0.04520226
0.7854216
0.8826227
0.8111111
0.6933919
0.9604751
0.5703025
0.8957642
0.810101
0.5970881
0.3971328
0.6572176
0.02306545
0.1738001
0.03107262
0.5504521
0.4618533
0.2648692
0.2871486
0.7194541
0.08459997
0.3461491
0.5193805
0.4341663
0.3014262
0.6163375
0.6686082
0.5866251
0.570398
0.6891626
0.1162182
0.2372426
0.4019077
0.7286274
0.5455185
0.5713503
0.139378
0.5278956
0.7179224
0.6958961
0.08848476
0.2671694
0.2982509
0.6476641
0.2381382
0.5435365
0.4870955
0.9850661
0.2901452
0.6958313
0.8167539
0.5076302
0.7167681
0.7764647
0.9060946
0.7523561
0.4945093
0.1747847
0.5493754
0.2942895
0.1563593
0.1093341
0.5463516
0.616272
0.639154
0.03215814
0.7153785
0.5408103
0.5367761
0.02573323
0.8213277
0.8612343
0.3193066
0.5825506
0.9993861
0.1261059
0.4640197
0.3134574
0.2836785
0.2596467
0.3074504
0.3399849
0.7666765
0.3558373
0.9291934
0.8233225
0.6649219
0.2998581
0.7775108
0.4968584
0.04638255
0.05178893
0.06024837
0.9468982
0.67838
0.482489
0.3676227
0.1324325
0.2312844
0.986364
0.740186
0.07601798
0.02517474
0.8085403
0.2746276
0.9368905
0.3749388
0.1796895
0.8336399
0.4305226
0.9855849
0.169431
0.3553468
0.1285402
0.7198505
0.1966654
0.5790284
0.7254204
0.8402559
0.7218194
0.3828295
0.7728356
0.6246045
0.8654587
0.2727476
0.2485834
0.4355035
0.6008766
0.1469898
0.7674907
0.988147
0.6616842
0.3623428
0.3547206
0.460184
0.4338024
0.7560244
0.1703022
0.9938909
0.426083
0.9714304
0.5067512
0.9236743
0.980162
0.2051345
0.4404408
0.6428217
0.7797077
0.06866252
0.687412
0.5407044
0.7291778
0.3536516
0.452878
0.1310277
0.8849016
0.7009403
0.9336975
0.8190079
0.03811419
0.5085005
0.3427209
0.4281635
0.4162989
0.3778863
0.5709062
0.1883862
0.8471526
0.9672943
0.1303213
0.5472395
0.690924
0.5130672
0.2622622
0.3208641
0.2192521
0.9844477
0.129972
0.482398
0.8948996
0.2335685
0.3493041
0.266515
0.6526517
0.9405367
0.5182849
0.1275514
0.7891592
0.3948964
0.108597
0.5996242
0.2641404
0.6439127
0.5795071
0.7529209
0.3094146
0.4303077
0.8386263
0.473774
0.2888567
0.5183742
0.03336835
0.04641783
0.6986336
0.4963409
0.4502213
0.06602597
0.7268239
0.09114194
0.0423975
0.1471167
0.5767689
0.5654449
0.4902118
0.35945
0.5512323
0.7871083
0.7611139
0.4952323
0.1648443
0.8428355
0.7648195
0.6957372
0.6305037
0.8239186
0.4701288
0.5973558
0.7959085
0.8326849
0.7074234
0.05306125
0.6832553
0.09643269
0.622916
0.2539456
0.6863136
0.2576175
0.1791053
0.7270255
0.2450148
0.6457167
0.1782371
0.4459916
0.047014
0.8208779
0.7581251
0.0202949
0.9161533
0.3667754
0.7943505
0.2520906
0.1714751
0.3805395
0.01012659
0.2109435
0.6159939
0.3770729
0.4722172
0.4484578
0.6719313
0.07049716
0.9624633
0.1194354
0.4988797
0.7976917
0.4902679
0.1957451
0.921412
0.7691388
0.04961598
0.8107969
0.9015257
0.9091532
0.404658
0.2471229
0.1021488
0.1075765
0.7406708
0.2165447
0.04372978
0.2610213
0.3313714
0.6806294
0.4165673
0.7185453
0.7182844
0.4036354
0.8586841
0.9136376
0.7160105
0.5059156
0.1593165
0.5256232
0.1396543
0.5486754
0.4853258
0.040555
0.9789479
0.3474309
0.3350395
0.9148635
0.1179678
0.686727
0.3480015
0.8452011
0.8630638
0.457813
0.7883102
0.4860237
0.1125584
0.8787628
0.9768023
0.4729111
0.2827926
0.2660879
0.9197532
0.7236192
0.3316729
0.3308663
0.9850882
0.3968799
0.3098675
0.03656924
0.6788969
0.2411898
0.7453541
0.73295
0.582823
0.02869654
0.8208548
0.6598296
0.882525
0.6567641
0.3187721
0.5949098
0.1808871
0.4432725
0.9730105
0.4787127
0.8348681
0.5077835
0.4544896
0.7294691
0.9978215
0.5199221
0.1576208
0.8412215
0.4006305
0.1907432
0.6933998
0.6121887
0.9057024
0.7456135
0.7327262
0.01985836
0.348194
0.7346058
0.296958
0.1334463
0.1028886
0.8270961
0.9233326
0.4194745
0.5895795
0.7022843
0.08900309
0.04854918
0.2142011
0.1273068
0.05976129
0.6315554
0.9834787
0.9388424
0.03294313
0.9299823
0.01999128
0.7498894
0.3990707
0.6756996
0.5208097
0.01504982
0.7458272
0.7196071
0.2972802
0.7215281
0.1591977
0.2650175
0.5310067
0.3237258
0.4629791
0.7322555
0.5588537
0.401685
0.3721312
0.04985726
0.858107
0.7579898
0.7857701
0.466466
0.03553903
0.2527876
0.1986015
0.7112807
0.9024174
0.1013181
0.9565307
0.07418978
0.1816784
0.2848696
0.3067908
0.4507149
0.5593432
0.3595124
0.587813
0.06164801
0.8201214
0.4647393
0.1157827
0.3100768
0.1918879
0.187629
0.9885129
0.9942565
0.6909536
0.9657897
0.879465
0.9123849
0.4381154
0.2736208
0.5657945
0.4551673
0.1719604
0.8792764
0.5060207
0.1702638
0.4543189
0.5408258
0.7839543
0.4052795
0.9629102
0.3571759
0.1262665
0.2020881
0.6472883
0.2454726
0.8557668
0.734746
0.8251696
0.3638144
0.3829373
0.9096663
0.1652777
0.9749146
0.7585336
0.4326888
0.4561881
0.3992962
0.3146255
0.2839519
0.7044212
0.0138998
0.1302969
0.3580821
0.8573366
0.56282
0.4126588
0.01607239
0.9531403
0.3706512
0.2736229
0.9744762
0.1746961
0.531413
0.8568422
0.2743376
0.9581119
0.7117375
0.7981485
0.08957052
0.3275743
0.2674886
0.7016394
0.8943321
0.9639858
0.2623466
0.2295612
0.9879059
0.5575689
0.6908592
0.4150858
0.9262437
0.9262584
0.07730472
0.8721752
0.02340055
0.7488955
0.04314578
0.799744
0.1062646
0.3502519
0.1219063
0.1944076
0.04338992
0.8377928
0.5737611
0.01426911
0.02560604
0.9377745
0.2907766
0.2767371
0.9888079
0.03677797
0.7469921
0.08694327
0.7523246
0.5736837
0.2484573
0.5224342
0.6791438
0.4097981
0.6240531
0.5161214
0.807236
0.4961954
0.8357117
0.8637803
0.9470421
0.438826
0.5331086
0.227402
0.5428053
0.3641052
0.4359359
0.3750407
0.5106348
0.01324522
0.1768237
0.1424615
0.7900653
0.1268258
0.1077306
0.9920087
0.8771513
0.2461498
0.1748095
0.9070314
0.7727549
0.9474506
0.9955766
0.06769609
0.08525908
0.452834
0.788615
0.1691278
0.5400963
0.4459903
0.1539456
0.599793
0.8995556
0.1996424
0.7063705
0.5934249
0.9543364
0.7253543
0.816288
0.6619074
0.3070035
0.8383791
0.3138173
0.5476946
0.781746
0.7981362
0.3729382
0.05682957
0.1496276
0.4146715
0.06164026
0.3795338
0.5903052
0.08288324
0.138962
0.4829611
0.4998668
0.4478782
0.873642
0.1003475
0.2256353
0.1372961
0.5758861
0.7862142
0.8060995
0.1083149
0.9349964
0.06264567
0.2232682
0.5123619
0.4224888
0.03539872
0.01408482
0.0235604
0.3588296
0.2989819
0.8180163
0.166937
0.6946596
0.3353825
0.5938866
0.3877045
0.6888195
0.164423
0.8493656
0.4792831
0.9305768
0.1822195
0.5933998
0.2694443
0.4436468
0.170802
0.5231304
0.7548383
0.3419213
0.2909092
0.4112848
0.2996205
0.5754762
0.8046745
0.837366
0.1082643
0.1977072
0.02435112
0.8650148
0.9358563
0.7902683
0.2759012
0.4698379
0.3626277
0.349102
0.5637635
0.8094344
0.4192604
0.05731237
0.05994081
0.5972912
0.7702364
0.8613588
0.4307762
0.5855844
0.4945331
0.3397131
0.05505943
0.1867486
0.4183226
0.8379045
0.5012565
0.7495383
0.8583374
0.002008438
0.2077136
0.2198445
0.1674281
0.8026599
0.9287355
0.3065714
0.6050657
0.3228387
0.1025687
0.6110679
0.5307441
0.7913129
0.01304913
0.09121358
0.9070146
0.4336832
0.5674899
0.3225137
0.2704821
0.5222691
0.1026028
0.96892
0.6805936
0.8281794
0.2608258
0.4309677
0.777843
0.4037647
0.4847844
0.08980942
0.8514581
0.188194
0.3323804
0.6836222
0.7875092
0.797608
0.5928271
0.3645335
0.4272022
0.4779272
0.7971538
0.008689165
0.1748747
0.8349268
0.3036063
0.1949757
0.3154874
0.5058312
0.9117042
0.177636
0.7215716
0.4565694
0.6522025
0.8041435
0.3026265
0.08270383
0.6477413
0.9718831
0.9833564
0.8961154
0.6237339
0.8567799
0.5618317
0.5505019
0.2218283
0.9975281
0.512038
0.9436457
0.9617509
0.0249424
0.422047
0.2648715
0.1056963
0.43906
0.1337442
0.280517
0.7340956
0.2813841
0.7785029
0.7790538
0.3474255
0.1980635
0.940331
0.8326977
0.8642143
0.6774125
0.2326809
0.3385295
0.06943107
0.9811713
0.2960279
0.8259809
0.2279993
0.2484306
0.2020706
0.2280588
0.194031
0.6543092
0.2761509
0.4039114
0.635342
0.2782027
0.7764482
0.8446732
0.637725
0.72495
0.5472127
0.8242946
0.1885978
0.2357987
0.4470426
0.4315187
0.8657889
0.8146368
0.9379349
0.5616645
0.5136087
0.4458129
0.9769237
0.5474752
0.9608647
0.4367844
0.1089281
0.6158143
0.4199551
0.4120549
0.06353784
0.7830431
0.6761633
0.7948123
0.6604974
0.168322
0.6102175
0.6167624
0.7939173
0.8860669
0.08689821
0.4705395
0.4180919
0.9960015
0.7060764
0.42268
0.9942142
0.01893532
0.5465665
0.7389951
0.7103029
0.7478592
0.9188622
0.9207815
0.691509
0.3232781
0.5604683
0.5392157
0.6659557
0.5666311
0.7380738
0.07939482
0.5463036
0.1089648
0.3530831
0.5558428
0.626524
0.0926466
0.7141117
0.4830309
0.8570452
0.3350407
0.6690795
0.3280267
0.08952308
0.6230851
0.731819
0.5846059
0.9099678
0.8788729
0.9528382
0.5370986
0.5066911
0.1946607
0.8750842
0.6495242
0.6166455
0.210863
0.05513489
0.3792242
0.2394058
0.5015434
0.1139764
0.1684721
0.420315
0.2937567
0.1283083
0.3361963
0.6099221
0.6631589
0.9116918
0.4472607
0.5158366
0.1954849
0.393452
0.8857503
0.7741523
0.9108384
0.1811938
0.6059572
0.5642214
0.5953584
0.4603471
0.7514911
0.1003674
0.7515277
0.8070763
0.1949463
0.587454
0.5075464
0.6086185
0.0716536
0.4124546
0.1251965
0.5834363
0.8187715
0.8000731
0.7290474
0.03597343
0.0373733
0.4171077
0.3988345
0.2228553
0.2987025
0.8291107
0.4209561
0.1946079
0.5839148
0.1098439
0.7691367
0.04742384
0.2759361
0.7248787
0.1897838
0.4350241
0.1707684
0.9235896
0.7117341
0.2648369
0.6133001
0.4418598
0.9399089
0.615504
0.9921389
0.4630686
0.8915594
0.3663489
0.09641969
0.1262985
0.1549706
0.367312
0.1605923
0.4261355
0.826208
0.5852913
0.6276702
0.3778137
0.7265093
0.9505087
0.03967822
0.6107889
0.1553355
0.6936439
0.8246942
0.02909458
0.5866154
0.3396772
0.6543553
0.8878258
0.8711423
0.04643846
0.7862492
0.9024906
0.5092207
0.7372421
0.0316453
0.09575737
0.2920113
0.7632078
0.04264069
0.2491654
0.935465
0.08600986
0.2410617
0.6472493
0.4022129
0.3236239
0.9498509
0.7795461
0.9720024
0.1465639
0.9716779
0.4909277
0.9588355
0.5516891
0.4518093
0.4559273
0.7405041
0.8312652
0.8641387
0.03175628
0.8828801
0.9379385
0.248818
0.3437934
0.4545156
0.7090448
0.3974866
0.04409707
0.03344584
0.8374604
0.1963077
0.6829604
0.6928557
0.571663
0.9326779
0.5594265
0.1605009
0.38702
0.1788492
0.8649275
0.3321238
0.9406247
0.0195272
0.3441639
0.7106692
0.8626066
0.9186594
0.6116743
0.2927437
0.6842834
0.9747405
0.2988919
0.7019839
0.7648002
0.6642692
0.1498954
0.1016818
0.5224843
0.790953
0.1039876
0.9376887
0.3563901
0.5947109
0.183525
0.4896396
0.4954927
0.3925028
0.05588162
0.4953223
0.6539351
0.8482112
0.6805085
0.9431015
0.9439967
0.8686615
0.725956
0.9057543
0.4292356
0.1621906
0.586307
0.4335021
0.5875955
0.6813968
0.9836776
0.385426
0.9545563
0.2669442
0.1117525
0.9739989
0.9278078
0.04174018
0.1850359
0.008225918
0.4560963
0.5702715
0.08758199
0.9348598
0.6493829
0.2856817
0.9589018
0.5762537
0.649279
0.4295384
0.7908754
0.8615988
0.7374154
0.8173269
0.6548054
0.9033861
0.05520308
0.5543159
0.1846349
0.9425598
0.8055332
0.9340051
0.4161499
0.6507427
0.4636368
0.4509813
0.7675987
0.2528956
0.05703855
0.3011454
0.04144967
0.5919607
0.7047929
0.04548538
0.1033396
0.9803216
0.8983666
0.7298137
0.03100848
0.4285614
0.2875744
0.792823
0.1950302
0.8755695
0.428988
0.6632158
0.9230163
0.734436
0.5094143
0.1890792
0.8785181
0.05569589
0.5314566
0.03291273
0.7498357
0.7670736
0.2067399
0.7540097
0.5707992
0.3627989
0.3874831
0.7993646
0.143221
0.4572537
0.1018904
0.465488
0.4999366
0.5054489
0.1751817
0.7542912
0.5648185
0.7641809
0.6497424
0.5295498
0.9911138
0.008223653
0.6104825
0.1729155
0.1716962
0.009836078
0.2520263
0.8957251
0.8057547
0.9920185
0.01694155
0.5455953
0.5379705
0.7201236
0.2181883
0.5143429
0.3943512
0.2717003
0.6490854
0.5453715
0.1601976
0.2218356
0.9761264
0.191376
0.8404098
0.8062762
0.3795434
0.05124843
0.7313297
0.780671
0.1749212
0.8633268
0.3327656
0.6533451
0.8113967
0.9785269
0.3804375
0.9517651
0.5307195
0.1708953
0.6613245
0.01200008
0.64966
0.5403148
0.4072919
0.9153492
0.2427306
0.308435
0.3187319
0.3053886
0.4172279
0.3837264
0.7084844
0.4803113
0.6433202
0.4771229
0.6710434
0.4505377
0.3783497
0.6073376
0.794099
0.4661325
0.09918416
0.9833335
0.9875849
0.1585894
0.7023747
0.5368533
0.3703436
0.6525711
0.002400517
0.3514184
0.8628107
0.4550084
0.7213128
0.06669641
0.01660192
0.3400135
0.4286464
0.3169898
0.5391121
0.2350545
0.3727033
0.7391939
0.6664935
0.4909165
0.1719911
0.5971909
0.1434703
0.9051505
0.8916434
0.07506633
0.5335537
0.4991577
0.1810951
0.9829834
0.057899
0.9119478
0.8350961
0.1748407
0.9545002
0.06303036
0.1941279
0.3186498
0.6678852
0.9683146
0.6905186
0.7613186
0.008243561
0.8858838
0.6725036
0.728295
0.09648812
0.9712564
0.9483511
0.3860265
0.07574534
0.4458376
0.7468462
0.4066648
0.01988232
0.5393796
0.248978
0.5924466
0.0197556
0.5641779
0.8261087
0.8654178
0.8567786
0.2543727
0.6471752
0.2922987
0.1763694
0.2350634
0.6024723
0.1908661
0.2676144
0.3194392
0.05711186
0.8330365
0.263953
0.05928349
0.2475783
0.9879291
0.2653118
0.01971602
0.3520594
0.5550296
0.4340423
0.8926356
0.7791666
0.2860302
0.5620605
0.5215062
0.4194286
0.7329531
0.04483891
0.007265091
0.9662609
0.9329602
0.1435674
0.003623009
0.005984902
0.206918
0.2296852
0.6012248
0.04217172
0.9155744
0.9746398
0.7012742
0.1914326
0.005414844
0.9732018
0.6356789
0.5052139
0.7854292
0.6401088
0.3279301
0.9499733
0.1425178
0.2371831
0.6931267
0.02173042
0.1497897
0.6887228
0.7664576
0.4069122
0.3537117
0.3827485
0.9767288
0.4156581
0.6883243
0.2216865
0.5862416
0.6045225
0.55334
0.8200448
0.7906826
0.03495347
0.2627503
0.6233898
0.7077842
0.8537409
0.8178177
0.1914415
0.1557853
0.1754694
0.7099451
0.9578559
0.1356399
0.3153114
0.4631107
0.1896213
0.6041988
0.8465585
0.3455768
0.5266237
0.8708899
0.6360542
0.6317784
0.02261686
0.5556867
0.7936752
0.1958096
0.3492917
0.4975215
0.04169512
0.5039831
0.3509333
0.5023748
0.7773991
0.6513758
0.6249964
0.582356
0.05411565
0.1646485
0.8148024
0.4565592
0.6981895
0.05784428
0.5083963
0.676265
0.5218982
0.7704635
0.7524012
0.0557059
0.9671359
0.2595377
0.40996
0.59664
0.3621333
0.1387746
0.2015893
0.7930723
0.09562612
0.4145123
0.5296098
0.1919611
0.02739537
0.5322686
0.799944
0.2743943
0.5435003
0.6944473
0.8228484
0.2877553
0.2685701
0.1757137
0.8130569
0.1454498
0.486663
0.2274276
0.503544
0.299461
0.3104106
0.8870038
0.9148082
0.3019928
0.8336506
0.9903331
0.300172
0.2381797
0.3128644
0.4355793
0.2666874
0.8232092
0.8219937
0.3108573
0.236847
0.7999632
0.2918681
0.5553296
0.03792179
0.4490429
0.4596883
0.3312495
0.6240782
0.09842491
0.5142598
0.8531054
0.01521671
0.6968764
0.4532933
0.3271407
0.2238071
0.2958305
0.8193715
0.1319914
0.03761101
0.7183573
0.2198592
0.8533416
0.3078432
0.5411687
0.5278323
0.04265249
0.9941827
0.5413289
0.746596
0.7536348
0.4085162
0.03671467
0.8815864
0.8165817
0.6187835
0.3913198
0.1733054
0.4407173
0.5105485
0.7026398
0.8730198
0.6352333
0.6081998
0.7283273
0.8000867
0.7124223
0.4929233
0.004209161
0.9155692
0.1055533
0.1798278
0.8571661
0.640486
0.8425899
0.5679165
0.8257568
0.4045631
0.4322699
0.7488813
0.9273412
0.6279128
0.1758208
0.313149
0.7945904
0.08425272
0.3761187
0.7116325
0.3813262
0.783201
0.1934191
0.3484167
0.5504382
0.5170176
0.5375074
0.5457152
0.4404266
0.4321142
0.2285404
0.8437852
0.4854455
0.4416478
0.4403481
0.3194554
0.9949359
0.8874638
0.4312959
0.7866538
0.7798371
0.04844296
0.7712338
0.003133297
0.9020061
0.09267008
0.7535756
0.9590725
0.03819144
0.7630619
0.5651127
0.4944782
0.7579939
0.007891417
0.3385442
0.2577736
0.3847427
0.2073089
0.4390525
0.9866802
0.9311354
0.03286707
0.4779619
0.3203861
0.2082913
0.494917
0.4126171
0.512828
0.9687756
0.5953974
0.4801216
0.9603146
0.2879961
0.3042947
0.1680844
0.004370809
0.3354987
0.02461469
0.3666881
0.8302063
0.5432194
0.2666761
0.8222461
0.266199
0.6312546
0.9551903
0.3948014
0.03253341
0.6398113
0.2126845
0.7461213
0.09807169
0.4741292
0.7293274
0.2560433
0.9554422
0.4094996
0.8981973
0.784609
0.3235055
0.3085984
0.04967368
0.39561
0.9858881
0.7994823
0.2451457
0.1458217
0.01453948
0.627619
0.4938765
0.5242172
0.8114219
0.6207445
0.1259707
0.1944451
0.9789999
0.7670577
0.6974944
0.567225
0.1581577
0.6334841
0.8292557
0.3834194
0.3666924
0.5712146
0.07883465
0.4455303
0.9093708
0.9166229
0.9413313
0.5020751
0.5653545
0.5145376
0.7683684
0.5973965
0.3148783
0.787645
0.1055903
0.01505899
0.7218732
0.2948374
0.3146015
0.5466454
0.7042212
0.4389579
0.8129016
0.708259
0.2867222
0.812016
0.4745594
0.7262092
0.6437734
0.2136834
0.9593552
0.6542937
0.3342636
0.08266914
0.5509467
0.2552141
0.6307846
0.1934594
0.3108075
0.9449778
0.9843888
0.7544804
0.4209353
0.02376211
0.1700907
0.755823
0.5216153
0.7127967
0.8756448
0.7197973
0.09247744
0.001490235
0.2921181
0.5986199
0.7076362
0.2110548
0.1168563
0.5580448
0.7898648
0.6043458
0.9471136
0.8152754
0.09922862
0.2832717
0.07402897
0.1842337
0.6448905
0.5850027
0.5477577
0.8389399
0.05751145
0.5783781
0.5842865
0.7916248
0.6303267
0.8268588
0.9549741
0.4814866
0.7292621
0.4870853
0.1855031
0.1787835
0.9807403
0.6775599
0.2419202
0.09781015
0.1174327
0.441368
0.5449493
0.4964701
0.08683801
0.4229978
0.375771
0.2926989
0.6641762
0.5684748
0.5785488
0.6031697
0.07955563
0.378767
0.187225
0.7453377
0.4196161
0.9355038
0.5009362
0.6661092
0.9806805
0.9176949
0.7593294
0.6618092
0.1441838
0.2429621
0.3821895
0.5227016
0.7011915
0.08609557
0.7317764
0.231186
0.06381297
0.9056896
0.3603164
0.7939693
0.464554
0.3447717
0.5362201
0.2554414
0.6311319
0.4659089
0.6381615
0.9747913
0.06944156
0.6303953
0.8117447
0.7214801
0.7938498
0.3711547
0.5677426
0.6274856
0.4517461
0.2612293
0.1532776
0.2823728
0.5064706
0.4363116
