Mono path[0] = 'C:/Program Files (x86)/Steam/steamapps/common/UnderMine/UnderMine_Data/Managed'
Mono config path = 'C:/Program Files (x86)/Steam/steamapps/common/UnderMine/MonoBleedingEdge/etc'
Initialize engine version: 2019.4.17f1 (667c8606c536)
[Subsystems] Discovering subsystems at path C:/Program Files (x86)/Steam/steamapps/common/UnderMine/UnderMine_Data/UnitySubsystems
GfxDevice: creating device client; threaded=1
Direct3D:
    Version:  Direct3D 11.0 [level 11.1]
    Renderer: Radeon RX 580 Series (ID=0x67df)
    Vendor:   
    VRAM:     8170 MB
    Driver:   31.0.12027.9001
Begin MonoManager ReloadAssembly
- Completed reload, in  8.068 seconds
D3D11 device created for Microsoft Media Foundation video decoding.
<RI> Initializing input.
<RI> Input initialized.
<RI> Initialized touch support.
UnloadTime: 0.850800 ms
[FMOD] Please add an 'FMOD Studio Listener' component to your a camera in the scene for correct 3D positioning of sounds. 
(Filename: C:\buildslave\unity\build\Runtime/Export/Debug/Debug.bindings.h Line: 35)

██╗   ██╗███╗   ██╗██████╗ ███████╗██████╗ ███╗   ███╗██╗███╗   ██╗███████╗
██║   ██║████╗  ██║██╔══██╗██╔════╝██╔══██╗████╗ ████║██║████╗  ██║██╔════╝
██║   ██║██╔██╗ ██║██║  ██║█████╗  ██████╔╝██╔████╔██║██║██╔██╗ ██║█████╗
██║   ██║██║╚██╗██║██║  ██║██╔══╝  ██╔══██╗██║╚██╔╝██║██║██║╚██╗██║██╔══╝
╚██████╔╝██║ ╚████║██████╔╝███████╗██║  ██║██║ ╚═╝ ██║██║██║ ╚████║███████╗
 ╚═════╝ ╚═╝  ╚═══╝╚═════╝ ╚══════╝╚═╝  ╚═╝╚═╝     ╚═╝╚═╝╚═╝  ╚═══╝╚══════╝
Sunday, 18 June 2023 13:36:28
Version [1.2.1.14]

OS [Windows 10  (10.0.0) 64bit/B42E9944F47F/False]

Install path [C:\Program Files (x86)\Steam\steamapps\common\UnderMine]

ComputeShader [True]

DeviceType [Direct3D11]

DeviceVersion [Direct3D 11.0 [level 11.1]]

ShaderLevel [50]

Resolution [2560 x 1080 @ 60Hz (2560x1080)]

Initializing Steam
Initializing Data
Initializing LocStrings
Successfully loaded 3453 English LocIDs into the LocDB
Initializing Achievements
Initializing Leaderboards
Initializing Chat
Initializing Stats
Initializing Encounters
Initializing Popups
Initializing HUD
Initializing Simulation
Initializing FX
Initializing Stages
Initializing Rooms
Initializing GameOver
Initializing Decorators
Initializing Resources
Initializing Audio
Initializing Materials
Initializing Settings
Initializing Behaviors
Initializing Pool
Done!
Loading Crash Reporter
Startup took 10.72297 seconds
Unloading 13 Unused Serialized files (Serialized files now loaded: 0)

Unloading 16 unused Assets to reduce memory usage. Loaded Objects now: 464667.
Total: 596.235600 ms (FindLiveObjects: 44.364300 ms CreateObjectMapping: 12.125500 ms MarkObjects: 539.193600 ms  DeleteObjects: 0.552000 ms)

Loading Zone Title with seed 63576600
Loading took 1.279707s
Unloading 11 Unused Serialized files (Serialized files now loaded: 0)

Unloading 6 unused Assets to reduce memory usage. Loaded Objects now: 543564.
Total: 610.748400 ms (FindLiveObjects: 39.681800 ms CreateObjectMapping: 10.328600 ms MarkObjects: 560.140600 ms  DeleteObjects: 0.597100 ms)

Loading Zone Dungeon1-3 with seed 85064326
Skipping room [treasure_encounters]: Requirements not met
Skipping room [secret]: Chance failed
Skipping room [secret]: Chance failed
Skipping room [secret]: Chance failed
Skipping room [tribute_fountain]: Chance failed
Loading took 4.25696s
Unloading 17 Unused Serialized files (Serialized files now loaded: 0)

Unloading 1342 unused Assets to reduce memory usage. Loaded Objects now: 563076.
Total: 684.466300 ms (FindLiveObjects: 39.615900 ms CreateObjectMapping: 10.421500 ms MarkObjects: 631.950100 ms  DeleteObjects: 2.478500 ms)

Loading Zone Dungeon1-4 with seed 85064327
Skipping room [treasure_encounters]: Chance failed
Skipping room [secret]: Chance failed
Skipping room [secret]: Chance failed
Skipping room [secret]: Requirements not met
Skipping room [tribute_fountain]: Chance failed
Loading took 4.04071s
OnApplicationQuit!
Shutting down...
Setting up 6 worker threads for Enlighten.
  Thread -> id: 1e30 -> priority: 1 
  Thread -> id: 263c -> priority: 1 
  Thread -> id: 3748 -> priority: 1 
  Thread -> id: 45c0 -> priority: 1 
  Thread -> id: 4410 -> priority: 1 
  Thread -> id: 384 -> priority: 1 
