Mono path[0] = 'C:/Program Files (x86)/Steam/steamapps/common/UnderMine/UnderMine_Data/Managed'
Mono config path = 'C:/Program Files (x86)/Steam/steamapps/common/UnderMine/MonoBleedingEdge/etc'
Initialize engine version: 2019.4.17f1 (667c8606c536)
[Subsystems] Discovering subsystems at path C:/Program Files (x86)/Steam/steamapps/common/UnderMine/UnderMine_Data/UnitySubsystems
GfxDevice: creating device client; threaded=1
Direct3D:
    Version:  Direct3D 11.0 [level 11.1]
    Renderer: Radeon RX 580 Series (ID=0x67df)
    Vendor:   
    VRAM:     8170 MB
    Driver:   31.0.12027.9001
Begin MonoManager ReloadAssembly
- Completed reload, in  3.700 seconds
D3D11 device created for Microsoft Media Foundation video decoding.
<RI> Initializing input.
<RI> Input initialized.
<RI> Initialized touch support.
UnloadTime: 1.524700 ms
[FMOD] Please add an 'FMOD Studio Listener' component to your a camera in the scene for correct 3D positioning of sounds. 
(Filename: C:\buildslave\unity\build\Runtime/Export/Debug/Debug.bindings.h Line: 35)

██╗   ██╗███╗   ██╗██████╗ ███████╗██████╗ ███╗   ███╗██╗███╗   ██╗███████╗
██║   ██║████╗  ██║██╔══██╗██╔════╝██╔══██╗████╗ ████║██║████╗  ██║██╔════╝
██║   ██║██╔██╗ ██║██║  ██║█████╗  ██████╔╝██╔████╔██║██║██╔██╗ ██║█████╗
██║   ██║██║╚██╗██║██║  ██║██╔══╝  ██╔══██╗██║╚██╔╝██║██║██║╚██╗██║██╔══╝
╚██████╔╝██║ ╚████║██████╔╝███████╗██║  ██║██║ ╚═╝ ██║██║██║ ╚████║███████╗
 ╚═════╝ ╚═╝  ╚═══╝╚═════╝ ╚══════╝╚═╝  ╚═╝╚═╝     ╚═╝╚═╝╚═╝  ╚═══╝╚══════╝
Sunday, 18 June 2023 14:57:36
Version [1.2.1.14]

OS [Windows 10  (10.0.0) 64bit/B42E9944F47F/False]

Install path [C:\Program Files (x86)\Steam\steamapps\common\UnderMine]

ComputeShader [True]

DeviceType [Direct3D11]

DeviceVersion [Direct3D 11.0 [level 11.1]]

ShaderLevel [50]

Resolution [2560 x 1080 @ 60Hz (2560x1080)]

Initializing Steam
Initializing Data
Initializing LocStrings
Successfully loaded 3453 English LocIDs into the LocDB
Initializing Achievements
Initializing Leaderboards
Initializing Chat
Initializing Stats
Initializing Encounters
Initializing Popups
Initializing HUD
Initializing Simulation
Initializing FX
Initializing Stages
Initializing Rooms
Initializing GameOver
Initializing Decorators
Initializing Resources
Initializing Audio
Initializing Materials
Initializing Settings
Initializing Behaviors
Initializing Pool
Done!
Loading Crash Reporter
Startup took 10.55249 seconds
Unloading 12 Unused Serialized files (Serialized files now loaded: 0)

Unloading 17 unused Assets to reduce memory usage. Loaded Objects now: 541104.
Total: 626.198200 ms (FindLiveObjects: 50.272800 ms CreateObjectMapping: 10.798800 ms MarkObjects: 564.519500 ms  DeleteObjects: 0.606400 ms)

Loading Zone Title with seed 20786792
Loading took 1.293336s
Unloading 9 Unused Serialized files (Serialized files now loaded: 0)

Unloading 5 unused Assets to reduce memory usage. Loaded Objects now: 543564.
Total: 653.958200 ms (FindLiveObjects: 38.826800 ms CreateObjectMapping: 12.273000 ms MarkObjects: 602.235900 ms  DeleteObjects: 0.622000 ms)

Loading Zone Dungeon1-4 with seed 85064327
Skipping room [treasure_encounters]: Chance failed
Skipping room [secret]: Chance failed
Skipping room [secret]: Chance failed
Skipping room [secret]: Requirements not met
Skipping room [tribute_fountain]: Chance failed
Loading took 3.983364s
Unloading 21 Unused Serialized files (Serialized files now loaded: 0)

Unloading 2438 unused Assets to reduce memory usage. Loaded Objects now: 570321.
Total: 802.596900 ms (FindLiveObjects: 47.584200 ms CreateObjectMapping: 17.907800 ms MarkObjects: 727.868200 ms  DeleteObjects: 9.236600 ms)

Loading Zone Title with seed 85064318
Loading took 1.194275s
